2019-09-20 00:21:49.857  INFO 9564 --- [restartedMain] com.education.hjj.HaojiajiaoApplication  : Starting HaojiajiaoApplication on wsw-PC with PID 9564 (E:\Git\haojiajiao\target\classes started by wsw in E:\Git\haojiajiao)
2019-09-20 00:21:49.859  INFO 9564 --- [restartedMain] com.education.hjj.HaojiajiaoApplication  : The following profiles are active: dev
2019-09-20 00:21:50.113  INFO 9564 --- [restartedMain] ConfigServletWebServerApplicationContext : Refreshing org.springframework.boot.web.servlet.context.AnnotationConfigServletWebServerApplicationContext@3812305: startup date [Fri Sep 20 00:21:50 CST 2019]; root of context hierarchy
2019-09-20 00:21:54.180  INFO 9564 --- [restartedMain] o.s.b.f.s.DefaultListableBeanFactory     : Overriding bean definition for bean 'createRestApi' with a different definition: replacing [Root bean: class [null]; scope=; abstract=false; lazyInit=false; autowireMode=3; dependencyCheck=0; autowireCandidate=true; primary=false; factoryBeanName=com.spring4all.swagger.SwaggerAutoConfiguration; factoryMethodName=createRestApi; initMethodName=null; destroyMethodName=(inferred); defined in class path resource [com/spring4all/swagger/SwaggerAutoConfiguration.class]] with [Root bean: class [null]; scope=; abstract=false; lazyInit=false; autowireMode=3; dependencyCheck=0; autowireCandidate=true; primary=false; factoryBeanName=swagger2Config; factoryMethodName=createRestApi; initMethodName=null; destroyMethodName=(inferred); defined in class path resource [com/education/hjj/bz/config/swagger2/Swagger2Config.class]]
2019-09-20 00:21:54.674  INFO 9564 --- [restartedMain] .s.d.r.c.RepositoryConfigurationDelegate : Multiple Spring Data modules found, entering strict repository configuration mode!
2019-09-20 00:21:55.841  INFO 9564 --- [restartedMain] trationDelegate$BeanPostProcessorChecker : Bean 'shiroConfig' of type [com.education.hjj.bz.config.shiro.ShiroConfig$$EnhancerBySpringCGLIB$$7da43d78] is not eligible for getting processed by all BeanPostProcessors (for example: not eligible for auto-proxying)
2019-09-20 00:21:56.201  INFO 9564 --- [restartedMain] trationDelegate$BeanPostProcessorChecker : Bean 'org.springframework.boot.context.properties.ConversionServiceDeducer$Factory' of type [org.springframework.boot.context.properties.ConversionServiceDeducer$Factory] is not eligible for getting processed by all BeanPostProcessors (for example: not eligible for auto-proxying)
2019-09-20 00:21:56.231  INFO 9564 --- [restartedMain] trationDelegate$BeanPostProcessorChecker : Bean 'mybatis-org.mybatis.spring.boot.autoconfigure.MybatisProperties' of type [org.mybatis.spring.boot.autoconfigure.MybatisProperties] is not eligible for getting processed by all BeanPostProcessors (for example: not eligible for auto-proxying)
2019-09-20 00:21:56.257  INFO 9564 --- [restartedMain] trationDelegate$BeanPostProcessorChecker : Bean 'org.mybatis.spring.boot.autoconfigure.MybatisAutoConfiguration' of type [org.mybatis.spring.boot.autoconfigure.MybatisAutoConfiguration$$EnhancerBySpringCGLIB$$73a63ffc] is not eligible for getting processed by all BeanPostProcessors (for example: not eligible for auto-proxying)
2019-09-20 00:21:56.270  INFO 9564 --- [restartedMain] trationDelegate$BeanPostProcessorChecker : Bean 'com.alibaba.druid.spring.boot.autoconfigure.DruidDataSourceAutoConfigure' of type [com.alibaba.druid.spring.boot.autoconfigure.DruidDataSourceAutoConfigure$$EnhancerBySpringCGLIB$$5a7de43e] is not eligible for getting processed by all BeanPostProcessors (for example: not eligible for auto-proxying)
2019-09-20 00:21:56.276  INFO 9564 --- [restartedMain] c.a.d.s.b.a.DruidDataSourceAutoConfigure : Init DruidDataSource
2019-09-20 00:21:56.451  INFO 9564 --- [restartedMain] trationDelegate$BeanPostProcessorChecker : Bean 'spring.datasource-org.springframework.boot.autoconfigure.jdbc.DataSourceProperties' of type [org.springframework.boot.autoconfigure.jdbc.DataSourceProperties] is not eligible for getting processed by all BeanPostProcessors (for example: not eligible for auto-proxying)
2019-09-20 00:21:57.229  INFO 9564 --- [restartedMain] com.alibaba.druid.pool.DruidDataSource   : {dataSource-1} inited
2019-09-20 00:21:57.230  INFO 9564 --- [restartedMain] trationDelegate$BeanPostProcessorChecker : Bean 'dataSource' of type [com.alibaba.druid.spring.boot.autoconfigure.DruidDataSourceWrapper] is not eligible for getting processed by all BeanPostProcessors (for example: not eligible for auto-proxying)
2019-09-20 00:21:57.897  INFO 9564 --- [restartedMain] trationDelegate$BeanPostProcessorChecker : Bean 'sqlSessionFactory' of type [org.apache.ibatis.session.defaults.DefaultSqlSessionFactory] is not eligible for getting processed by all BeanPostProcessors (for example: not eligible for auto-proxying)
2019-09-20 00:21:57.923  INFO 9564 --- [restartedMain] trationDelegate$BeanPostProcessorChecker : Bean 'sqlSessionTemplate' of type [org.mybatis.spring.SqlSessionTemplate] is not eligible for getting processed by all BeanPostProcessors (for example: not eligible for auto-proxying)
2019-09-20 00:21:57.924  INFO 9564 --- [restartedMain] trationDelegate$BeanPostProcessorChecker : Bean 'userMapper' of type [org.mybatis.spring.mapper.MapperFactoryBean] is not eligible for getting processed by all BeanPostProcessors (for example: not eligible for auto-proxying)
2019-09-20 00:21:57.928  INFO 9564 --- [restartedMain] trationDelegate$BeanPostProcessorChecker : Bean 'userMapper' of type [com.sun.proxy.$Proxy79] is not eligible for getting processed by all BeanPostProcessors (for example: not eligible for auto-proxying)
2019-09-20 00:21:57.938  INFO 9564 --- [restartedMain] trationDelegate$BeanPostProcessorChecker : Bean 'roleMapper' of type [org.mybatis.spring.mapper.MapperFactoryBean] is not eligible for getting processed by all BeanPostProcessors (for example: not eligible for auto-proxying)
2019-09-20 00:21:57.939  INFO 9564 --- [restartedMain] trationDelegate$BeanPostProcessorChecker : Bean 'roleMapper' of type [com.sun.proxy.$Proxy80] is not eligible for getting processed by all BeanPostProcessors (for example: not eligible for auto-proxying)
2019-09-20 00:21:57.947  INFO 9564 --- [restartedMain] trationDelegate$BeanPostProcessorChecker : Bean 'permissionMapper' of type [org.mybatis.spring.mapper.MapperFactoryBean] is not eligible for getting processed by all BeanPostProcessors (for example: not eligible for auto-proxying)
2019-09-20 00:21:57.948  INFO 9564 --- [restartedMain] trationDelegate$BeanPostProcessorChecker : Bean 'permissionMapper' of type [com.sun.proxy.$Proxy81] is not eligible for getting processed by all BeanPostProcessors (for example: not eligible for auto-proxying)
2019-09-20 00:21:57.989  INFO 9564 --- [restartedMain] trationDelegate$BeanPostProcessorChecker : Bean 'userRealm' of type [com.education.hjj.bz.config.shiro.UserRealm] is not eligible for getting processed by all BeanPostProcessors (for example: not eligible for auto-proxying)
2019-09-20 00:21:58.836  INFO 9564 --- [restartedMain] trationDelegate$BeanPostProcessorChecker : Bean 'securityManager' of type [org.apache.shiro.web.mgt.DefaultWebSecurityManager] is not eligible for getting processed by all BeanPostProcessors (for example: not eligible for auto-proxying)
2019-09-20 00:21:59.017  INFO 9564 --- [restartedMain] trationDelegate$BeanPostProcessorChecker : Bean 'redisConfig' of type [com.education.hjj.bz.util.RedisConfig$$EnhancerBySpringCGLIB$$9526089f] is not eligible for getting processed by all BeanPostProcessors (for example: not eligible for auto-proxying)
2019-09-20 00:21:59.038  INFO 9564 --- [restartedMain] trationDelegate$BeanPostProcessorChecker : Bean 'org.springframework.transaction.annotation.ProxyTransactionManagementConfiguration' of type [org.springframework.transaction.annotation.ProxyTransactionManagementConfiguration$$EnhancerBySpringCGLIB$$40d1eecc] is not eligible for getting processed by all BeanPostProcessors (for example: not eligible for auto-proxying)
2019-09-20 00:21:59.093  INFO 9564 --- [restartedMain] trationDelegate$BeanPostProcessorChecker : Bean 'authorizationAttributeSourceAdvisor' of type [org.apache.shiro.spring.security.interceptor.AuthorizationAttributeSourceAdvisor] is not eligible for getting processed by all BeanPostProcessors (for example: not eligible for auto-proxying)
2019-09-20 00:22:00.331  INFO 9564 --- [restartedMain] o.s.b.w.embedded.tomcat.TomcatWebServer  : Tomcat initialized with port(s): 8088 (http)
2019-09-20 00:22:00.392  INFO 9564 --- [restartedMain] o.apache.catalina.core.StandardService   : Starting service [Tomcat]
2019-09-20 00:22:00.420  INFO 9564 --- [restartedMain] org.apache.catalina.core.StandardEngine  : Starting Servlet Engine: Apache Tomcat/8.5.31
2019-09-20 00:22:00.450  INFO 9564 --- [localhost-startStop-1] o.a.catalina.core.AprLifecycleListener   : The APR based Apache Tomcat Native library which allows optimal performance in production environments was not found on the java.library.path: [C:\Program Files\Java\jdk1.8.0_131\bin;C:\Windows\Sun\Java\bin;C:\Windows\system32;C:\Windows;C:\Program Files\Java\jdk1.8.0_131\jre\bin;C:/Program Files/Java/jre1.8.0_131/bin/server;C:/Program Files/Java/jre1.8.0_131/bin;C:/Program Files/Java/jre1.8.0_131/lib/amd64;D:\elasticsearch_windows_auto_install-master\curl\win64;C:\ProgramData\Oracle\Java\javapath;C:\Program Files (x86)\AMD APP\bin\x86_64;C:\Program Files (x86)\AMD APP\bin\x86;C:\Windows\system32;C:\Windows;C:\Windows\System32\Wbem;C:\Windows\System32\WindowsPowerShell\v1.0\;C:\Program Files (x86)\ATI Technologies\ATI.ACE\Core-Static;D:\Program Files (x86)\MySQL\MySQL Server 5.5\bin;C:\Program Files\Java\jdk1.8.0_131\bin;C:\Windows\system32;C:\Users\wsw\AppData\Roaming\npm;D:\apache-maven-3.5.2\bin;D:\nodejs\;D:\Git\cmd;C:\Users\wsw\AppData\Local\Programs\Python\Python37\Scripts\;C:\Users\wsw\AppData\Local\Programs\Python\Python37\;D:\elasticsearch_windows_auto_install-master\curl\win64;C:\ProgramData\Oracle\Java\javapath;C:\Program Files (x86)\AMD APP\bin\x86_64;C:\Program Files (x86)\AMD APP\bin\x86;C:\Windows\system32;C:\Windows;C:\Windows\System32\Wbem;C:\Windows\System32\WindowsPowerShell\v1.0\;C:\Program Files (x86)\ATI Technologies\ATI.ACE\Core-Static;D:\Program Files (x86)\MySQL\MySQL Server 5.5\bin;C:\Program Files\Java\jdk1.8.0_131\bin;C:\Windows\system32;C:\Users\wsw\AppData\Roaming\npm;D:\apache-maven-3.5.2\bin;C:\Users\wsw\AppData\Local\BypassRuntm;D:\eclipse;;.]
2019-09-20 00:22:00.719  INFO 9564 --- [localhost-startStop-1] o.a.c.c.C.[Tomcat].[localhost].[/]       : Initializing Spring embedded WebApplicationContext
2019-09-20 00:22:00.719  INFO 9564 --- [localhost-startStop-1] o.s.web.context.ContextLoader            : Root WebApplicationContext: initialization completed in 10606 ms
2019-09-20 00:22:01.193  INFO 9564 --- [localhost-startStop-1] o.s.b.w.servlet.ServletRegistrationBean  : Servlet dispatcherServlet mapped to [/]
2019-09-20 00:22:01.202  INFO 9564 --- [localhost-startStop-1] o.s.b.w.servlet.FilterRegistrationBean   : Mapping filter: 'characterEncodingFilter' to: [/*]
2019-09-20 00:22:01.203  INFO 9564 --- [localhost-startStop-1] o.s.b.w.servlet.FilterRegistrationBean   : Mapping filter: 'hiddenHttpMethodFilter' to: [/*]
2019-09-20 00:22:01.203  INFO 9564 --- [localhost-startStop-1] o.s.b.w.servlet.FilterRegistrationBean   : Mapping filter: 'httpPutFormContentFilter' to: [/*]
2019-09-20 00:22:01.203  INFO 9564 --- [localhost-startStop-1] o.s.b.w.servlet.FilterRegistrationBean   : Mapping filter: 'requestContextFilter' to: [/*]
2019-09-20 00:22:01.204  INFO 9564 --- [localhost-startStop-1] o.s.b.w.servlet.FilterRegistrationBean   : Mapping filter: 'shiroFilter' to: [/*]
2019-09-20 00:22:02.751  INFO 9564 --- [restartedMain] c.e.hjj.bz.config.redis.JedisConfig      : 初始化Redis连接池JedisPool成功!地址: 192.168.1.202:6379
2019-09-20 00:22:02.776  WARN 9564 --- [restartedMain] f.a.AutowiredAnnotationBeanPostProcessor : Autowired annotation is not supported on static fields: private static java.lang.String com.education.hjj.bz.util.JwtUtil.accessTokenExpireTime
2019-09-20 00:22:04.101  INFO 9564 --- [restartedMain] s.w.s.m.m.a.RequestMappingHandlerMapping : Mapped "{[/audit/auditIdCard],methods=[POST]}" onto public com.education.hjj.bz.util.ApiResponse com.education.hjj.bz.controller.AuditController.auditIdCard(javax.servlet.http.HttpServletRequest,javax.servlet.http.HttpServletResponse)
2019-09-20 00:22:04.104  INFO 9564 --- [restartedMain] s.w.s.m.m.a.RequestMappingHandlerMapping : Mapped "{[/audit/auditTeacherInfo],methods=[POST]}" onto public com.education.hjj.bz.util.ApiResponse com.education.hjj.bz.controller.AuditController.auditTeacherInfo(com.education.hjj.bz.formBean.TeacherInfoForm)
2019-09-20 00:22:04.105  INFO 9564 --- [restartedMain] s.w.s.m.m.a.RequestMappingHandlerMapping : Mapped "{[/ComplaintSuggestion/addStudentDemandByTeacher],methods=[POST]}" onto public com.education.hjj.bz.util.ApiResponse com.education.hjj.bz.controller.ComplaintSuggestionController.addStudentDemandByTeacher(javax.servlet.http.HttpServletRequest,javax.servlet.http.HttpServletResponse)
2019-09-20 00:22:04.108  INFO 9564 --- [restartedMain] s.w.s.m.m.a.RequestMappingHandlerMapping : Mapped "{[/home/queryTeacherInfosByHome],methods=[GET]}" onto public com.education.hjj.bz.util.ApiResponse com.education.hjj.bz.controller.HomeController.queryTeacherHomeInfos(java.lang.String)
2019-09-20 00:22:04.109  INFO 9564 --- [restartedMain] s.w.s.m.m.a.RequestMappingHandlerMapping : Mapped "{[/levelRules/queryAllLevelRules],methods=[GET]}" onto public com.education.hjj.bz.util.ApiResponse com.education.hjj.bz.controller.LevelRulesController.queryAllLevelRules()
2019-09-20 00:22:04.116  INFO 9564 --- [restartedMain] s.w.s.m.m.a.RequestMappingHandlerMapping : Mapped "{[/user/info],methods=[GET]}" onto public com.education.hjj.bz.model.common.ResponseBean com.education.hjj.bz.controller.LoginController.info()
2019-09-20 00:22:04.117  INFO 9564 --- [restartedMain] s.w.s.m.m.a.RequestMappingHandlerMapping : Mapped "{[/user/login],methods=[POST]}" onto public com.education.hjj.bz.util.ApiResponse com.education.hjj.bz.controller.LoginController.login(com.education.hjj.bz.formBean.LoginForm,javax.servlet.http.HttpServletResponse)
2019-09-20 00:22:04.117  INFO 9564 --- [restartedMain] s.w.s.m.m.a.RequestMappingHandlerMapping : Mapped "{[/user/unauth],methods=[GET]}" onto public com.education.hjj.bz.util.ApiResponse com.education.hjj.bz.controller.LoginController.unauth()
2019-09-20 00:22:04.118  INFO 9564 --- [restartedMain] s.w.s.m.m.a.RequestMappingHandlerMapping : Mapped "{[/user/logout],methods=[GET]}" onto public com.education.hjj.bz.util.ApiResponse com.education.hjj.bz.controller.LoginController.logout(javax.servlet.http.HttpServletRequest,com.education.hjj.bz.formBean.LogoutForm)
2019-09-20 00:22:04.118  INFO 9564 --- [restartedMain] s.w.s.m.m.a.RequestMappingHandlerMapping : Mapped "{[/user/unauthorized],methods=[GET]}" onto public com.education.hjj.bz.util.ApiResponse com.education.hjj.bz.controller.LoginController.unauthorized()
2019-09-20 00:22:04.120  INFO 9564 --- [restartedMain] s.w.s.m.m.a.RequestMappingHandlerMapping : Mapped "{[/user/getOpenId],methods=[POST]}" onto public com.education.hjj.bz.util.ApiResponse com.education.hjj.bz.controller.LoginController.getOAuth(com.education.hjj.bz.formBean.LoginForm)
2019-09-20 00:22:04.121  INFO 9564 --- [restartedMain] s.w.s.m.m.a.RequestMappingHandlerMapping : Mapped "{[/parameter/queryParameters],methods=[POST]}" onto public com.education.hjj.bz.util.ApiResponse com.education.hjj.bz.controller.ParameterController.queryParametersByParentId(com.education.hjj.bz.formBean.ParameterForm)
2019-09-20 00:22:04.122  INFO 9564 --- [restartedMain] s.w.s.m.m.a.RequestMappingHandlerMapping : Mapped "{[/pointRules/queryAllPointsRules],methods=[GET]}" onto public com.education.hjj.bz.util.ApiResponse com.education.hjj.bz.controller.PointRulesController.queryAllPointsRules()
2019-09-20 00:22:04.123  INFO 9564 --- [restartedMain] s.w.s.m.m.a.RequestMappingHandlerMapping : Mapped "{[/order/queryAllPointsLogByTeacherId],methods=[POST]}" onto public com.education.hjj.bz.util.ApiResponse com.education.hjj.bz.controller.PointsLogController.queryAllPointsLogByTeacherId(java.lang.Integer)
2019-09-20 00:22:04.125  INFO 9564 --- [restartedMain] s.w.s.m.m.a.RequestMappingHandlerMapping : Mapped "{[/parameter/parameterLists],methods=[GET]}" onto public com.education.hjj.bz.util.ApiResponse com.education.hjj.bz.controller.QueryParameterController.getParameterLists()
2019-09-20 00:22:04.127  INFO 9564 --- [restartedMain] s.w.s.m.m.a.RequestMappingHandlerMapping : Mapped "{[/parameter/parameterListsByType],methods=[GET]}" onto public com.education.hjj.bz.util.ApiResponse com.education.hjj.bz.controller.QueryParameterController.getParameterListsByType(java.lang.Integer)
2019-09-20 00:22:04.128  INFO 9564 --- [restartedMain] s.w.s.m.m.a.RequestMappingHandlerMapping : Mapped "{[/smsVerifityCode/checkIsCorrectCode],methods=[POST]}" onto public com.education.hjj.bz.util.ApiResponse com.education.hjj.bz.controller.SmsVerifityCodeController.checkIsCorrectCode(java.lang.String,java.lang.String)
2019-09-20 00:22:04.129  INFO 9564 --- [restartedMain] s.w.s.m.m.a.RequestMappingHandlerMapping : Mapped "{[/smsVerifityCode/sendMessage],methods=[POST]}" onto public com.education.hjj.bz.util.ApiResponse com.education.hjj.bz.controller.SmsVerifityCodeController.sendMessage(com.education.hjj.bz.formBean.LoginForm)
2019-09-20 00:22:04.130  INFO 9564 --- [restartedMain] s.w.s.m.m.a.RequestMappingHandlerMapping : Mapped "{[/StudentDemand/addStudentDemandByTeacher],methods=[POST]}" onto public com.education.hjj.bz.util.ApiResponse com.education.hjj.bz.controller.StudentDemandsController.addStudentDemandByTeacher(java.lang.String,com.education.hjj.bz.entity.vo.TeacherVo)
2019-09-20 00:22:04.131  INFO 9564 --- [restartedMain] s.w.s.m.m.a.RequestMappingHandlerMapping : Mapped "{[/StudentDemand/queryStudentDemandsList],methods=[POST]}" onto public com.education.hjj.bz.util.ApiResponse com.education.hjj.bz.controller.StudentDemandsController.queryStudentDemandsList(com.education.hjj.bz.formBean.StudentDemandForm)
2019-09-20 00:22:04.131  INFO 9564 --- [restartedMain] s.w.s.m.m.a.RequestMappingHandlerMapping : Mapped "{[/StudentDemand/queryStudentDemandDetail],methods=[GET]}" onto public com.education.hjj.bz.util.ApiResponse com.education.hjj.bz.controller.StudentDemandsController.queryStudentDemandDetail(java.lang.String)
2019-09-20 00:22:04.135  INFO 9564 --- [restartedMain] s.w.s.m.m.a.RequestMappingHandlerMapping : Mapped "{[/upload/uploadFile],methods=[POST],produces=[application/json;charset=utf-8]}" onto public com.education.hjj.bz.util.ApiResponse com.education.hjj.bz.controller.UploadFileUtil.uploadFile(javax.servlet.http.HttpServletRequest,javax.servlet.http.HttpServletResponse)
2019-09-20 00:22:04.139  INFO 9564 --- [restartedMain] s.w.s.m.m.a.RequestMappingHandlerMapping : Mapped "{[/userInfo/update],methods=[POST]}" onto public com.education.hjj.bz.util.ApiResponse com.education.hjj.bz.controller.UserInfoController.updateUserInfos(com.education.hjj.bz.formBean.UserInfoForm)
2019-09-20 00:22:04.140  INFO 9564 --- [restartedMain] s.w.s.m.m.a.RequestMappingHandlerMapping : Mapped "{[/userInfo/queryTeacherAccountByID],methods=[GET]}" onto public com.education.hjj.bz.util.ApiResponse com.education.hjj.bz.controller.UserInfoController.queryUserAccount(java.lang.String)
2019-09-20 00:22:04.141  INFO 9564 --- [restartedMain] s.w.s.m.m.a.RequestMappingHandlerMapping : Mapped "{[/userInfo/queryTeacherInfo],methods=[POST]}" onto public com.education.hjj.bz.util.ApiResponse com.education.hjj.bz.controller.UserInfoController.queryTeacherInfo(com.education.hjj.bz.formBean.TeacherInfoForm)
2019-09-20 00:22:04.141  INFO 9564 --- [restartedMain] s.w.s.m.m.a.RequestMappingHandlerMapping : Mapped "{[/userInfo/updateUserInfoByParameter],methods=[POST]}" onto public com.education.hjj.bz.util.ApiResponse com.education.hjj.bz.controller.UserInfoController.updateUserInfoByParameter(com.education.hjj.bz.formBean.TeacherInfoForm)
2019-09-20 00:22:04.141  INFO 9564 --- [restartedMain] s.w.s.m.m.a.RequestMappingHandlerMapping : Mapped "{[/userInfo/queryTeacherInfoByTelephone],methods=[GET]}" onto public com.education.hjj.bz.util.ApiResponse com.education.hjj.bz.controller.UserInfoController.queryTeacherInfoByTelephone(java.lang.String)
2019-09-20 00:22:04.142  INFO 9564 --- [restartedMain] s.w.s.m.m.a.RequestMappingHandlerMapping : Mapped "{[/userInfo/queryTeacherAccountOpreateLog],methods=[GET]}" onto public com.education.hjj.bz.util.ApiResponse com.education.hjj.bz.controller.UserInfoController.queryUserAccountOperateLog(java.lang.String,java.lang.Integer)
2019-09-20 00:22:04.142  INFO 9564 --- [restartedMain] s.w.s.m.m.a.RequestMappingHandlerMapping : Mapped "{[/userInfo/queryTeacherInfoByType],methods=[POST]}" onto public com.education.hjj.bz.util.ApiResponse com.education.hjj.bz.controller.UserInfoController.queryTeacherInfoByType(com.education.hjj.bz.formBean.PictureForm)
2019-09-20 00:22:04.142  INFO 9564 --- [restartedMain] s.w.s.m.m.a.RequestMappingHandlerMapping : Mapped "{[/userInfo/queryUserPicturesByType],methods=[POST]}" onto public com.education.hjj.bz.util.ApiResponse com.education.hjj.bz.controller.UserInfoController.queryUserPicturesByType(com.education.hjj.bz.formBean.PictureForm)
2019-09-20 00:22:04.143  INFO 9564 --- [restartedMain] s.w.s.m.m.a.RequestMappingHandlerMapping : Mapped "{[/userInfo/queryUserPicturesDetail],methods=[POST]}" onto public com.education.hjj.bz.util.ApiResponse com.education.hjj.bz.controller.UserInfoController.queryUserPicturesDetail(com.education.hjj.bz.formBean.PictureForm)
2019-09-20 00:22:04.143  INFO 9564 --- [restartedMain] s.w.s.m.m.a.RequestMappingHandlerMapping : Mapped "{[/userInfo/queryUserInfosDetail],methods=[POST]}" onto public com.education.hjj.bz.util.ApiResponse com.education.hjj.bz.controller.UserInfoController.queryTeacherInfosDetail(com.education.hjj.bz.formBean.PictureForm)
2019-09-20 00:22:04.152  INFO 9564 --- [restartedMain] s.w.s.m.m.a.RequestMappingHandlerMapping : Mapped "{[/swagger-resources/configuration/security]}" onto public org.springframework.http.ResponseEntity<springfox.documentation.swagger.web.SecurityConfiguration> springfox.documentation.swagger.web.ApiResourceController.securityConfiguration()
2019-09-20 00:22:04.154  INFO 9564 --- [restartedMain] s.w.s.m.m.a.RequestMappingHandlerMapping : Mapped "{[/swagger-resources]}" onto public org.springframework.http.ResponseEntity<java.util.List<springfox.documentation.swagger.web.SwaggerResource>> springfox.documentation.swagger.web.ApiResourceController.swaggerResources()
2019-09-20 00:22:04.154  INFO 9564 --- [restartedMain] s.w.s.m.m.a.RequestMappingHandlerMapping : Mapped "{[/swagger-resources/configuration/ui]}" onto public org.springframework.http.ResponseEntity<springfox.documentation.swagger.web.UiConfiguration> springfox.documentation.swagger.web.ApiResourceController.uiConfiguration()
2019-09-20 00:22:04.163  INFO 9564 --- [restartedMain] s.w.s.m.m.a.RequestMappingHandlerMapping : Mapped "{[/error]}" onto public org.springframework.http.ResponseEntity<java.util.Map<java.lang.String, java.lang.Object>> org.springframework.boot.autoconfigure.web.servlet.error.BasicErrorController.error(javax.servlet.http.HttpServletRequest)
2019-09-20 00:22:04.163  INFO 9564 --- [restartedMain] s.w.s.m.m.a.RequestMappingHandlerMapping : Mapped "{[/error],produces=[text/html]}" onto public org.springframework.web.servlet.ModelAndView org.springframework.boot.autoconfigure.web.servlet.error.BasicErrorController.errorHtml(javax.servlet.http.HttpServletRequest,javax.servlet.http.HttpServletResponse)
2019-09-20 00:22:04.736  INFO 9564 --- [restartedMain] pertySourcedRequestMappingHandlerMapping : Mapped URL path [/v2/api-docs] onto method [public org.springframework.http.ResponseEntity<springfox.documentation.spring.web.json.Json> springfox.documentation.swagger2.web.Swagger2Controller.getDocumentation(java.lang.String,javax.servlet.http.HttpServletRequest)]
2019-09-20 00:22:05.195  INFO 9564 --- [restartedMain] o.s.w.s.handler.SimpleUrlHandlerMapping  : Mapped URL path [/**/favicon.ico] onto handler of type [class org.springframework.web.servlet.resource.ResourceHttpRequestHandler]
2019-09-20 00:22:05.675  INFO 9564 --- [restartedMain] s.w.s.m.m.a.RequestMappingHandlerAdapter : Looking for @ControllerAdvice: org.springframework.boot.web.servlet.context.AnnotationConfigServletWebServerApplicationContext@3812305: startup date [Fri Sep 20 00:21:50 CST 2019]; root of context hierarchy
2019-09-20 00:22:05.851  INFO 9564 --- [restartedMain] o.s.w.s.handler.SimpleUrlHandlerMapping  : Mapped URL path [/webjars/**] onto handler of type [class org.springframework.web.servlet.resource.ResourceHttpRequestHandler]
2019-09-20 00:22:05.852  INFO 9564 --- [restartedMain] o.s.w.s.handler.SimpleUrlHandlerMapping  : Mapped URL path [/**] onto handler of type [class org.springframework.web.servlet.resource.ResourceHttpRequestHandler]
2019-09-20 00:22:05.895  INFO 9564 --- [restartedMain] .m.m.a.ExceptionHandlerExceptionResolver : Detected @ExceptionHandler methods in exceptionAdvice
2019-09-20 00:22:06.013  WARN 9564 --- [restartedMain] ion$DefaultTemplateResolverConfiguration : Cannot find template location: classpath:/templates/ (please add some templates or check your Thymeleaf configuration)
2019-09-20 00:22:07.966  INFO 9564 --- [restartedMain] o.s.b.d.a.OptionalLiveReloadServer       : LiveReload server is running on port 35729
2019-09-20 00:22:08.033  INFO 9564 --- [restartedMain] o.s.j.e.a.AnnotationMBeanExporter        : Registering beans for JMX exposure on startup
2019-09-20 00:22:08.036  INFO 9564 --- [restartedMain] o.s.j.e.a.AnnotationMBeanExporter        : Bean with name 'dataSource' has been autodetected for JMX exposure
2019-09-20 00:22:08.045  INFO 9564 --- [restartedMain] o.s.j.e.a.AnnotationMBeanExporter        : Located MBean 'dataSource': registering with JMX server as MBean [com.alibaba.druid.spring.boot.autoconfigure:name=dataSource,type=DruidDataSourceWrapper]
2019-09-20 00:22:08.053  INFO 9564 --- [restartedMain] o.s.c.support.DefaultLifecycleProcessor  : Starting beans in phase 2147483647
2019-09-20 00:22:08.053  INFO 9564 --- [restartedMain] d.s.w.p.DocumentationPluginsBootstrapper : Context refreshed
2019-09-20 00:22:08.110  INFO 9564 --- [restartedMain] d.s.w.p.DocumentationPluginsBootstrapper : Found 1 custom documentation plugin(s)
2019-09-20 00:22:08.189  INFO 9564 --- [restartedMain] s.d.s.w.s.ApiListingReferenceScanner     : Scanning for api listing references
2019-09-20 00:22:08.741  INFO 9564 --- [restartedMain] .d.s.w.r.o.CachingOperationNameGenerator : Generating unique operation named: addStudentDemandByTeacherUsingPOST_1
2019-09-20 00:22:08.861  INFO 9564 --- [restartedMain] s.a.ScheduledAnnotationBeanPostProcessor : No TaskScheduler/ScheduledExecutorService bean found for scheduled processing
2019-09-20 00:22:08.939  INFO 9564 --- [restartedMain] o.s.b.w.embedded.tomcat.TomcatWebServer  : Tomcat started on port(s): 8088 (http) with context path ''
2019-09-20 00:22:08.951  INFO 9564 --- [restartedMain] com.education.hjj.HaojiajiaoApplication  : Started HaojiajiaoApplication in 20.642 seconds (JVM running for 22.382)
2019-09-20 00:22:20.531  INFO 9564 --- [http-nio-8088-exec-1] o.a.c.c.C.[Tomcat].[localhost].[/]       : Initializing Spring FrameworkServlet 'dispatcherServlet'
2019-09-20 00:22:20.532  INFO 9564 --- [http-nio-8088-exec-1] o.s.web.servlet.DispatcherServlet        : FrameworkServlet 'dispatcherServlet': initialization started
2019-09-20 00:22:20.595  INFO 9564 --- [http-nio-8088-exec-1] o.s.web.servlet.DispatcherServlet        : FrameworkServlet 'dispatcherServlet': initialization completed in 63 ms
2019-09-20 00:22:20.648  INFO 9564 --- [http-nio-8088-exec-1] c.e.hjj.bz.config.shiro.jwt.JwtFilter    : 当前请求 /userInfo/queryUserInfosDetail Authorization属性(Token)为空 请求类型 POST
2019-09-20 00:22:20.793  INFO 9564 --- [http-nio-8088-exec-1] c.e.h.bz.controller.UserInfoController   : teacherId = 6
2019-09-20 00:22:20.847  INFO 9564 --- [http-nio-8088-exec-1] c.e.h.b.s.impl.UserInfoServiceImpl       : teacherId = 6
2019-09-20 00:22:20.914 DEBUG 9564 --- [http-nio-8088-exec-1] c.e.h.b.m.U.queryTeacherHomeInfos        : ==>  Preparing: select t.teacher_id, t.telephone, t.name, t.sex, t.weiChar, t.openId, t.QQ, t.picture, t.charges_standard, t.logon_status, t.audit_status, t.resume_complete, t.teacher_level, t.home, t.idcard, t.begin_school_time, t.school, t.major, t.address, t.teacher_tag, t.teach_grade, t.teach_brance, t.teach_branch_slave, t.singUp_count, t.choose_count, t.employ_rate, t.resumption_count, t.resumption_rate, t.teacher_profile, t.teacher_certificate, t.experience from teacher t where t.status=1 and t.teacher_id=? 
2019-09-20 00:22:20.961 DEBUG 9564 --- [http-nio-8088-exec-1] c.e.h.b.m.U.queryTeacherHomeInfos        : ==> Parameters: 6(Integer)
2019-09-20 00:22:20.994 DEBUG 9564 --- [http-nio-8088-exec-1] c.e.h.b.m.U.queryTeacherHomeInfos        : <==      Total: 1
2019-09-20 00:22:21.134  INFO 9564 --- [http-nio-8088-exec-1] c.e.h.bz.controller.UserInfoController   : 转换入学日期到年级失败......
2019-09-20 00:22:21.139  INFO 9564 --- [http-nio-8088-exec-1] c.e.h.bz.controller.UserInfoController   : tags = 63,64,65,66,67
2019-09-20 00:22:21.209 DEBUG 9564 --- [http-nio-8088-exec-1] c.e.h.b.m.P.queryParameterListsByTypes   : ==>  Preparing: select parameter_id, parent_id, name, english_name from parameter where status=1 and parameter_id in ( ? , ? , ? , ? , ? ) 
2019-09-20 00:22:21.210 DEBUG 9564 --- [http-nio-8088-exec-1] c.e.h.b.m.P.queryParameterListsByTypes   : ==> Parameters: 63(Integer), 64(Integer), 65(Integer), 66(Integer), 67(Integer)
2019-09-20 00:22:21.213 DEBUG 9564 --- [http-nio-8088-exec-1] c.e.h.b.m.P.queryParameterListsByTypes   : <==      Total: 5
2019-09-20 00:22:21.217 DEBUG 9564 --- [http-nio-8088-exec-1] c.e.h.b.m.U.queryUserPicturesByteacherId : ==>  Preparing: select picture_id, teacher_id, picture_type, picture_url, picture_title, picture_desc from teacher_picture where status=1 and teacher_id = ? and picture_type != 2 ORDER BY picture_type 
2019-09-20 00:22:21.218 DEBUG 9564 --- [http-nio-8088-exec-1] c.e.h.b.m.U.queryUserPicturesByteacherId : ==> Parameters: 6(Integer)
2019-09-20 00:22:21.254 DEBUG 9564 --- [http-nio-8088-exec-1] c.e.h.b.m.U.queryUserPicturesByteacherId : <==      Total: 12
2019-09-20 00:22:21.255  INFO 9564 --- [http-nio-8088-exec-1] c.e.h.bz.controller.UserInfoController   : parameterIds = 98,98,99
2019-09-20 00:22:21.257 DEBUG 9564 --- [http-nio-8088-exec-1] c.e.h.b.m.P.queryParameterListsByTypes   : ==>  Preparing: select parameter_id, parent_id, name, english_name from parameter where status=1 and parameter_id in ( ? , ? , ? ) 
2019-09-20 00:22:21.258 DEBUG 9564 --- [http-nio-8088-exec-1] c.e.h.b.m.P.queryParameterListsByTypes   : ==> Parameters: 98(Integer), 98(Integer), 99(Integer)
2019-09-20 00:22:21.259 DEBUG 9564 --- [http-nio-8088-exec-1] c.e.h.b.m.P.queryParameterListsByTypes   : <==      Total: 2
2019-09-20 00:22:21.260  INFO 9564 --- [http-nio-8088-exec-1] c.e.h.bz.controller.UserInfoController   : address = null
2019-09-20 00:22:21.273  INFO 9564 --- [http-nio-8088-exec-1] com.education.hjj.bz.util.ApiResponse    : <===      返回数据 code: 200, msg: 操作成功

2019-09-20 00:22:28.887 DEBUG 9564 --- [pool-1-thread-1] c.e.h.b.m.U.queryAllTeacherInfos         : ==>  Preparing: select teacher_id, resumption_rate, teacher_points from teacher where status = 1 
2019-09-20 00:22:28.887 DEBUG 9564 --- [pool-1-thread-1] c.e.h.b.m.U.queryAllTeacherInfos         : ==> Parameters: 
2019-09-20 00:22:28.889 DEBUG 9564 --- [pool-1-thread-1] c.e.h.b.m.U.queryAllTeacherInfos         : <==      Total: 3
2019-09-20 00:22:28.894 DEBUG 9564 --- [pool-1-thread-1] c.e.h.b.m.UserInfoMapper.updateTeachers  : ==>  Preparing: UPDATE teacher SET teacher_level = ?, charges_standard = ?, update_time = ?, update_user = ? WHERE teacher_id = ? ; UPDATE teacher SET teacher_level = ?, charges_standard = ?, update_time = ?, update_user = ? WHERE teacher_id = ? ; UPDATE teacher SET teacher_level = ?, charges_standard = ?, update_time = ?, update_user = ? WHERE teacher_id = ? 
2019-09-20 00:22:28.898 DEBUG 9564 --- [pool-1-thread-1] c.e.h.b.m.UserInfoMapper.updateTeachers  : ==> Parameters: T0(String), 100.00元/每课时(String), 2019-09-20 00:22:28.89(Timestamp), admin(String), 2(Integer), T0(String), 100.00元/每课时(String), 2019-09-20 00:22:28.89(Timestamp), admin(String), 3(Integer), T0(String), 100.00元/每课时(String), 2019-09-20 00:22:28.89(Timestamp), admin(String), 6(Integer)
2019-09-20 00:22:28.970 DEBUG 9564 --- [pool-1-thread-1] c.e.h.b.m.UserInfoMapper.updateTeachers  : <==    Updates: 1
2019-09-20 00:22:28.970  INFO 9564 --- [pool-1-thread-1] c.e.hjj.bz.schedule.ScheduleToolsUtils   : 教员等级，收费标准更新成功！
2019-09-20 00:23:28.877 DEBUG 9564 --- [pool-1-thread-1] c.e.h.b.m.U.queryAllTeacherInfos         : ==>  Preparing: select teacher_id, resumption_rate, teacher_points from teacher where status = 1 
2019-09-20 00:23:28.878 DEBUG 9564 --- [pool-1-thread-1] c.e.h.b.m.U.queryAllTeacherInfos         : ==> Parameters: 
2019-09-20 00:23:28.881 DEBUG 9564 --- [pool-1-thread-1] c.e.h.b.m.U.queryAllTeacherInfos         : <==      Total: 3
2019-09-20 00:23:28.883 DEBUG 9564 --- [pool-1-thread-1] c.e.h.b.m.UserInfoMapper.updateTeachers  : ==>  Preparing: UPDATE teacher SET teacher_level = ?, charges_standard = ?, update_time = ?, update_user = ? WHERE teacher_id = ? ; UPDATE teacher SET teacher_level = ?, charges_standard = ?, update_time = ?, update_user = ? WHERE teacher_id = ? ; UPDATE teacher SET teacher_level = ?, charges_standard = ?, update_time = ?, update_user = ? WHERE teacher_id = ? 
2019-09-20 00:23:28.885 DEBUG 9564 --- [pool-1-thread-1] c.e.h.b.m.UserInfoMapper.updateTeachers  : ==> Parameters: T0(String), 100.00元/每课时(String), 2019-09-20 00:23:28.882(Timestamp), admin(String), 2(Integer), T0(String), 100.00元/每课时(String), 2019-09-20 00:23:28.882(Timestamp), admin(String), 3(Integer), T0(String), 100.00元/每课时(String), 2019-09-20 00:23:28.882(Timestamp), admin(String), 6(Integer)
2019-09-20 00:23:29.001 DEBUG 9564 --- [pool-1-thread-1] c.e.h.b.m.UserInfoMapper.updateTeachers  : <==    Updates: 1
2019-09-20 00:23:29.002  INFO 9564 --- [pool-1-thread-1] c.e.hjj.bz.schedule.ScheduleToolsUtils   : 教员等级，收费标准更新成功！
2019-09-20 00:23:35.317  INFO 9564 --- [http-nio-8088-exec-4] c.e.hjj.bz.config.shiro.jwt.JwtFilter    : 当前请求 /userInfo/queryUserInfosDetail Authorization属性(Token)为空 请求类型 POST
2019-09-20 00:23:35.322  INFO 9564 --- [http-nio-8088-exec-4] c.e.h.bz.controller.UserInfoController   : teacherId = 6
2019-09-20 00:23:35.324  INFO 9564 --- [http-nio-8088-exec-4] c.e.h.b.s.impl.UserInfoServiceImpl       : teacherId = 6
2019-09-20 00:23:35.324 DEBUG 9564 --- [http-nio-8088-exec-4] c.e.h.b.m.U.queryTeacherHomeInfos        : ==>  Preparing: select t.teacher_id, t.telephone, t.name, t.sex, t.weiChar, t.openId, t.QQ, t.picture, t.charges_standard, t.logon_status, t.audit_status, t.resume_complete, t.teacher_level, t.home, t.idcard, t.begin_school_time, t.school, t.major, t.address, t.teacher_tag, t.teach_grade, t.teach_brance, t.teach_branch_slave, t.singUp_count, t.choose_count, t.employ_rate, t.resumption_count, t.resumption_rate, t.teacher_profile, t.teacher_certificate, t.experience from teacher t where t.status=1 and t.teacher_id=? 
2019-09-20 00:23:35.327 DEBUG 9564 --- [http-nio-8088-exec-4] c.e.h.b.m.U.queryTeacherHomeInfos        : ==> Parameters: 6(Integer)
2019-09-20 00:23:35.330 DEBUG 9564 --- [http-nio-8088-exec-4] c.e.h.b.m.U.queryTeacherHomeInfos        : <==      Total: 1
2019-09-20 00:24:28.879 DEBUG 9564 --- [pool-1-thread-1] c.e.h.b.m.U.queryAllTeacherInfos         : ==>  Preparing: select teacher_id, resumption_rate, teacher_points from teacher where status = 1 
2019-09-20 00:24:28.880 DEBUG 9564 --- [pool-1-thread-1] c.e.h.b.m.U.queryAllTeacherInfos         : ==> Parameters: 
2019-09-20 00:24:28.881 DEBUG 9564 --- [pool-1-thread-1] c.e.h.b.m.U.queryAllTeacherInfos         : <==      Total: 3
2019-09-20 00:24:28.883 DEBUG 9564 --- [pool-1-thread-1] c.e.h.b.m.UserInfoMapper.updateTeachers  : ==>  Preparing: UPDATE teacher SET teacher_level = ?, charges_standard = ?, update_time = ?, update_user = ? WHERE teacher_id = ? ; UPDATE teacher SET teacher_level = ?, charges_standard = ?, update_time = ?, update_user = ? WHERE teacher_id = ? ; UPDATE teacher SET teacher_level = ?, charges_standard = ?, update_time = ?, update_user = ? WHERE teacher_id = ? 
2019-09-20 00:24:28.884 DEBUG 9564 --- [pool-1-thread-1] c.e.h.b.m.UserInfoMapper.updateTeachers  : ==> Parameters: T0(String), 100.00元/每课时(String), 2019-09-20 00:24:28.882(Timestamp), admin(String), 2(Integer), T0(String), 100.00元/每课时(String), 2019-09-20 00:24:28.882(Timestamp), admin(String), 3(Integer), T0(String), 100.00元/每课时(String), 2019-09-20 00:24:28.882(Timestamp), admin(String), 6(Integer)
2019-09-20 00:24:28.944 DEBUG 9564 --- [pool-1-thread-1] c.e.h.b.m.UserInfoMapper.updateTeachers  : <==    Updates: 1
2019-09-20 00:24:28.945  INFO 9564 --- [pool-1-thread-1] c.e.hjj.bz.schedule.ScheduleToolsUtils   : 教员等级，收费标准更新成功！
2019-09-20 00:25:28.880 DEBUG 9564 --- [pool-1-thread-1] c.e.h.b.m.U.queryAllTeacherInfos         : ==>  Preparing: select teacher_id, resumption_rate, teacher_points from teacher where status = 1 
2019-09-20 00:25:28.881 DEBUG 9564 --- [pool-1-thread-1] c.e.h.b.m.U.queryAllTeacherInfos         : ==> Parameters: 
2019-09-20 00:25:28.883 DEBUG 9564 --- [pool-1-thread-1] c.e.h.b.m.U.queryAllTeacherInfos         : <==      Total: 3
2019-09-20 00:25:28.887 DEBUG 9564 --- [pool-1-thread-1] c.e.h.b.m.UserInfoMapper.updateTeachers  : ==>  Preparing: UPDATE teacher SET teacher_level = ?, charges_standard = ?, update_time = ?, update_user = ? WHERE teacher_id = ? ; UPDATE teacher SET teacher_level = ?, charges_standard = ?, update_time = ?, update_user = ? WHERE teacher_id = ? ; UPDATE teacher SET teacher_level = ?, charges_standard = ?, update_time = ?, update_user = ? WHERE teacher_id = ? 
2019-09-20 00:25:28.889 DEBUG 9564 --- [pool-1-thread-1] c.e.h.b.m.UserInfoMapper.updateTeachers  : ==> Parameters: T0(String), 100.00元/每课时(String), 2019-09-20 00:25:28.885(Timestamp), admin(String), 2(Integer), T0(String), 100.00元/每课时(String), 2019-09-20 00:25:28.885(Timestamp), admin(String), 3(Integer), T0(String), 100.00元/每课时(String), 2019-09-20 00:25:28.885(Timestamp), admin(String), 6(Integer)
2019-09-20 00:25:28.952 DEBUG 9564 --- [pool-1-thread-1] c.e.h.b.m.UserInfoMapper.updateTeachers  : <==    Updates: 1
2019-09-20 00:25:28.953  INFO 9564 --- [pool-1-thread-1] c.e.hjj.bz.schedule.ScheduleToolsUtils   : 教员等级，收费标准更新成功！
2019-09-20 00:26:01.001  INFO 9564 --- [http-nio-8088-exec-4] c.e.h.bz.controller.UserInfoController   : 转换入学日期到年级失败......
2019-09-20 00:26:01.007  INFO 9564 --- [http-nio-8088-exec-4] c.e.h.bz.controller.UserInfoController   : tags = 63,64,65,66,67
2019-09-20 00:26:01.009 DEBUG 9564 --- [http-nio-8088-exec-4] c.e.h.b.m.P.queryParameterListsByTypes   : ==>  Preparing: select parameter_id, parent_id, name, english_name from parameter where status=1 and parameter_id in ( ? , ? , ? , ? , ? ) 
2019-09-20 00:26:01.009 DEBUG 9564 --- [http-nio-8088-exec-4] c.e.h.b.m.P.queryParameterListsByTypes   : ==> Parameters: 63(Integer), 64(Integer), 65(Integer), 66(Integer), 67(Integer)
2019-09-20 00:26:01.011 DEBUG 9564 --- [http-nio-8088-exec-4] c.e.h.b.m.P.queryParameterListsByTypes   : <==      Total: 5
2019-09-20 00:26:02.614 DEBUG 9564 --- [http-nio-8088-exec-4] c.e.h.b.m.U.queryUserPicturesByteacherId : ==>  Preparing: select picture_id, teacher_id, picture_type, picture_url, picture_title, picture_desc from teacher_picture where status=1 and teacher_id = ? and picture_type != 2 ORDER BY picture_type 
2019-09-20 00:26:02.619 DEBUG 9564 --- [http-nio-8088-exec-4] c.e.h.b.m.U.queryUserPicturesByteacherId : ==> Parameters: 6(Integer)
2019-09-20 00:26:02.629 DEBUG 9564 --- [http-nio-8088-exec-4] c.e.h.b.m.U.queryUserPicturesByteacherId : <==      Total: 12
2019-09-20 00:26:02.631  INFO 9564 --- [http-nio-8088-exec-4] c.e.h.bz.controller.UserInfoController   : parameterIds = 98,98,99
2019-09-20 00:26:02.634 DEBUG 9564 --- [http-nio-8088-exec-4] c.e.h.b.m.P.queryParameterListsByTypes   : ==>  Preparing: select parameter_id, parent_id, name, english_name from parameter where status=1 and parameter_id in ( ? , ? , ? ) 
2019-09-20 00:26:02.636 DEBUG 9564 --- [http-nio-8088-exec-4] c.e.h.b.m.P.queryParameterListsByTypes   : ==> Parameters: 98(Integer), 98(Integer), 99(Integer)
2019-09-20 00:26:02.638 DEBUG 9564 --- [http-nio-8088-exec-4] c.e.h.b.m.P.queryParameterListsByTypes   : <==      Total: 2
2019-09-20 00:26:02.639  INFO 9564 --- [http-nio-8088-exec-4] c.e.h.bz.controller.UserInfoController   : address = null
2019-09-20 00:26:02.640  INFO 9564 --- [http-nio-8088-exec-4] com.education.hjj.bz.util.ApiResponse    : <===      返回数据 code: 200, msg: 操作成功

2019-09-20 00:26:08.504  INFO 9564 --- [http-nio-8088-exec-3] c.e.hjj.bz.config.shiro.jwt.JwtFilter    : 当前请求 /userInfo/queryUserInfosDetail Authorization属性(Token)为空 请求类型 POST
2019-09-20 00:26:08.507  INFO 9564 --- [http-nio-8088-exec-3] c.e.h.bz.controller.UserInfoController   : teacherId = 6
2019-09-20 00:26:08.509  INFO 9564 --- [http-nio-8088-exec-3] c.e.h.b.s.impl.UserInfoServiceImpl       : teacherId = 6
2019-09-20 00:26:08.509 DEBUG 9564 --- [http-nio-8088-exec-3] c.e.h.b.m.U.queryTeacherHomeInfos        : ==>  Preparing: select t.teacher_id, t.telephone, t.name, t.sex, t.weiChar, t.openId, t.QQ, t.picture, t.charges_standard, t.logon_status, t.audit_status, t.resume_complete, t.teacher_level, t.home, t.idcard, t.begin_school_time, t.school, t.major, t.address, t.teacher_tag, t.teach_grade, t.teach_brance, t.teach_branch_slave, t.singUp_count, t.choose_count, t.employ_rate, t.resumption_count, t.resumption_rate, t.teacher_profile, t.teacher_certificate, t.experience from teacher t where t.status=1 and t.teacher_id=? 
2019-09-20 00:26:08.510 DEBUG 9564 --- [http-nio-8088-exec-3] c.e.h.b.m.U.queryTeacherHomeInfos        : ==> Parameters: 6(Integer)
2019-09-20 00:26:08.514 DEBUG 9564 --- [http-nio-8088-exec-3] c.e.h.b.m.U.queryTeacherHomeInfos        : <==      Total: 1
2019-09-20 00:26:08.516  INFO 9564 --- [http-nio-8088-exec-3] c.e.h.bz.controller.UserInfoController   : tags = 63,64,65,66,67
2019-09-20 00:26:08.517 DEBUG 9564 --- [http-nio-8088-exec-3] c.e.h.b.m.P.queryParameterListsByTypes   : ==>  Preparing: select parameter_id, parent_id, name, english_name from parameter where status=1 and parameter_id in ( ? , ? , ? , ? , ? ) 
2019-09-20 00:26:08.518 DEBUG 9564 --- [http-nio-8088-exec-3] c.e.h.b.m.P.queryParameterListsByTypes   : ==> Parameters: 63(Integer), 64(Integer), 65(Integer), 66(Integer), 67(Integer)
2019-09-20 00:26:08.522 DEBUG 9564 --- [http-nio-8088-exec-3] c.e.h.b.m.P.queryParameterListsByTypes   : <==      Total: 5
2019-09-20 00:26:08.524 DEBUG 9564 --- [http-nio-8088-exec-3] c.e.h.b.m.U.queryUserPicturesByteacherId : ==>  Preparing: select picture_id, teacher_id, picture_type, picture_url, picture_title, picture_desc from teacher_picture where status=1 and teacher_id = ? and picture_type != 2 ORDER BY picture_type 
2019-09-20 00:26:08.524 DEBUG 9564 --- [http-nio-8088-exec-3] c.e.h.b.m.U.queryUserPicturesByteacherId : ==> Parameters: 6(Integer)
2019-09-20 00:26:08.526 DEBUG 9564 --- [http-nio-8088-exec-3] c.e.h.b.m.U.queryUserPicturesByteacherId : <==      Total: 12
2019-09-20 00:26:08.527  INFO 9564 --- [http-nio-8088-exec-3] c.e.h.bz.controller.UserInfoController   : parameterIds = 98,98,99
2019-09-20 00:26:08.529 DEBUG 9564 --- [http-nio-8088-exec-3] c.e.h.b.m.P.queryParameterListsByTypes   : ==>  Preparing: select parameter_id, parent_id, name, english_name from parameter where status=1 and parameter_id in ( ? , ? , ? ) 
2019-09-20 00:26:08.530 DEBUG 9564 --- [http-nio-8088-exec-3] c.e.h.b.m.P.queryParameterListsByTypes   : ==> Parameters: 98(Integer), 98(Integer), 99(Integer)
2019-09-20 00:26:08.532 DEBUG 9564 --- [http-nio-8088-exec-3] c.e.h.b.m.P.queryParameterListsByTypes   : <==      Total: 2
2019-09-20 00:26:08.534  INFO 9564 --- [http-nio-8088-exec-3] c.e.h.bz.controller.UserInfoController   : address = null
2019-09-20 00:26:08.534  INFO 9564 --- [http-nio-8088-exec-3] com.education.hjj.bz.util.ApiResponse    : <===      返回数据 code: 200, msg: 操作成功

2019-09-20 00:26:28.882 DEBUG 9564 --- [pool-1-thread-1] c.e.h.b.m.U.queryAllTeacherInfos         : ==>  Preparing: select teacher_id, resumption_rate, teacher_points from teacher where status = 1 
2019-09-20 00:26:28.883 DEBUG 9564 --- [pool-1-thread-1] c.e.h.b.m.U.queryAllTeacherInfos         : ==> Parameters: 
2019-09-20 00:26:28.885 DEBUG 9564 --- [pool-1-thread-1] c.e.h.b.m.U.queryAllTeacherInfos         : <==      Total: 3
2019-09-20 00:26:28.886 DEBUG 9564 --- [pool-1-thread-1] c.e.h.b.m.UserInfoMapper.updateTeachers  : ==>  Preparing: UPDATE teacher SET teacher_level = ?, charges_standard = ?, update_time = ?, update_user = ? WHERE teacher_id = ? ; UPDATE teacher SET teacher_level = ?, charges_standard = ?, update_time = ?, update_user = ? WHERE teacher_id = ? ; UPDATE teacher SET teacher_level = ?, charges_standard = ?, update_time = ?, update_user = ? WHERE teacher_id = ? 
2019-09-20 00:26:28.887 DEBUG 9564 --- [pool-1-thread-1] c.e.h.b.m.UserInfoMapper.updateTeachers  : ==> Parameters: T0(String), 100.00元/每课时(String), 2019-09-20 00:26:28.885(Timestamp), admin(String), 2(Integer), T0(String), 100.00元/每课时(String), 2019-09-20 00:26:28.885(Timestamp), admin(String), 3(Integer), T0(String), 100.00元/每课时(String), 2019-09-20 00:26:28.885(Timestamp), admin(String), 6(Integer)
2019-09-20 00:26:28.982 DEBUG 9564 --- [pool-1-thread-1] c.e.h.b.m.UserInfoMapper.updateTeachers  : <==    Updates: 1
2019-09-20 00:26:28.982  INFO 9564 --- [pool-1-thread-1] c.e.hjj.bz.schedule.ScheduleToolsUtils   : 教员等级，收费标准更新成功！
2019-09-20 00:26:41.935  INFO 9564 --- [Thread-7] ConfigServletWebServerApplicationContext : Closing org.springframework.boot.web.servlet.context.AnnotationConfigServletWebServerApplicationContext@3812305: startup date [Fri Sep 20 00:21:50 CST 2019]; root of context hierarchy
2019-09-20 00:26:41.942  INFO 9564 --- [Thread-7] o.s.c.support.DefaultLifecycleProcessor  : Stopping beans in phase 2147483647
2019-09-20 00:26:41.945  INFO 9564 --- [Thread-7] o.s.j.e.a.AnnotationMBeanExporter        : Unregistering JMX-exposed beans on shutdown
2019-09-20 00:26:41.946  INFO 9564 --- [Thread-7] o.s.j.e.a.AnnotationMBeanExporter        : Unregistering JMX-exposed beans
2019-09-20 00:26:42.001  INFO 9564 --- [Thread-7] com.alibaba.druid.pool.DruidDataSource   : {dataSource-1} closing ...
2019-09-20 00:26:42.026  INFO 9564 --- [Thread-7] com.alibaba.druid.pool.DruidDataSource   : {dataSource-1} closed
2019-09-20 00:26:42.867  INFO 9564 --- [restartedMain] com.education.hjj.HaojiajiaoApplication  : Starting HaojiajiaoApplication on wsw-PC with PID 9564 (E:\Git\haojiajiao\target\classes started by wsw in E:\Git\haojiajiao)
2019-09-20 00:26:42.868  INFO 9564 --- [restartedMain] com.education.hjj.HaojiajiaoApplication  : The following profiles are active: dev
2019-09-20 00:26:42.878  INFO 9564 --- [restartedMain] ConfigServletWebServerApplicationContext : Refreshing org.springframework.boot.web.servlet.context.AnnotationConfigServletWebServerApplicationContext@3864f523: startup date [Fri Sep 20 00:26:42 CST 2019]; root of context hierarchy
2019-09-20 00:26:45.134  INFO 9564 --- [restartedMain] o.s.b.f.s.DefaultListableBeanFactory     : Overriding bean definition for bean 'createRestApi' with a different definition: replacing [Root bean: class [null]; scope=; abstract=false; lazyInit=false; autowireMode=3; dependencyCheck=0; autowireCandidate=true; primary=false; factoryBeanName=com.spring4all.swagger.SwaggerAutoConfiguration; factoryMethodName=createRestApi; initMethodName=null; destroyMethodName=(inferred); defined in class path resource [com/spring4all/swagger/SwaggerAutoConfiguration.class]] with [Root bean: class [null]; scope=; abstract=false; lazyInit=false; autowireMode=3; dependencyCheck=0; autowireCandidate=true; primary=false; factoryBeanName=swagger2Config; factoryMethodName=createRestApi; initMethodName=null; destroyMethodName=(inferred); defined in class path resource [com/education/hjj/bz/config/swagger2/Swagger2Config.class]]
2019-09-20 00:46:41.981  INFO 3964 --- [restartedMain] com.education.hjj.HaojiajiaoApplication  : Starting HaojiajiaoApplication on wsw-PC with PID 3964 (E:\Git\haojiajiao\target\classes started by wsw in E:\Git\haojiajiao)
2019-09-20 00:46:41.984  INFO 3964 --- [restartedMain] com.education.hjj.HaojiajiaoApplication  : The following profiles are active: dev
2019-09-20 00:46:42.168  INFO 3964 --- [restartedMain] ConfigServletWebServerApplicationContext : Refreshing org.springframework.boot.web.servlet.context.AnnotationConfigServletWebServerApplicationContext@10212220: startup date [Fri Sep 20 00:46:42 CST 2019]; root of context hierarchy
2019-09-20 00:46:46.495  INFO 3964 --- [restartedMain] o.s.b.f.s.DefaultListableBeanFactory     : Overriding bean definition for bean 'createRestApi' with a different definition: replacing [Root bean: class [null]; scope=; abstract=false; lazyInit=false; autowireMode=3; dependencyCheck=0; autowireCandidate=true; primary=false; factoryBeanName=com.spring4all.swagger.SwaggerAutoConfiguration; factoryMethodName=createRestApi; initMethodName=null; destroyMethodName=(inferred); defined in class path resource [com/spring4all/swagger/SwaggerAutoConfiguration.class]] with [Root bean: class [null]; scope=; abstract=false; lazyInit=false; autowireMode=3; dependencyCheck=0; autowireCandidate=true; primary=false; factoryBeanName=swagger2Config; factoryMethodName=createRestApi; initMethodName=null; destroyMethodName=(inferred); defined in class path resource [com/education/hjj/bz/config/swagger2/Swagger2Config.class]]
2019-09-20 00:46:46.980  INFO 3964 --- [restartedMain] .s.d.r.c.RepositoryConfigurationDelegate : Multiple Spring Data modules found, entering strict repository configuration mode!
2019-09-20 00:46:48.231  INFO 3964 --- [restartedMain] trationDelegate$BeanPostProcessorChecker : Bean 'shiroConfig' of type [com.education.hjj.bz.config.shiro.ShiroConfig$$EnhancerBySpringCGLIB$$db43c951] is not eligible for getting processed by all BeanPostProcessors (for example: not eligible for auto-proxying)
2019-09-20 00:46:48.644  INFO 3964 --- [restartedMain] trationDelegate$BeanPostProcessorChecker : Bean 'org.springframework.boot.context.properties.ConversionServiceDeducer$Factory' of type [org.springframework.boot.context.properties.ConversionServiceDeducer$Factory] is not eligible for getting processed by all BeanPostProcessors (for example: not eligible for auto-proxying)
2019-09-20 00:46:48.672  INFO 3964 --- [restartedMain] trationDelegate$BeanPostProcessorChecker : Bean 'mybatis-org.mybatis.spring.boot.autoconfigure.MybatisProperties' of type [org.mybatis.spring.boot.autoconfigure.MybatisProperties] is not eligible for getting processed by all BeanPostProcessors (for example: not eligible for auto-proxying)
2019-09-20 00:46:48.699  INFO 3964 --- [restartedMain] trationDelegate$BeanPostProcessorChecker : Bean 'org.mybatis.spring.boot.autoconfigure.MybatisAutoConfiguration' of type [org.mybatis.spring.boot.autoconfigure.MybatisAutoConfiguration$$EnhancerBySpringCGLIB$$d145cbd5] is not eligible for getting processed by all BeanPostProcessors (for example: not eligible for auto-proxying)
2019-09-20 00:46:48.712  INFO 3964 --- [restartedMain] trationDelegate$BeanPostProcessorChecker : Bean 'com.alibaba.druid.spring.boot.autoconfigure.DruidDataSourceAutoConfigure' of type [com.alibaba.druid.spring.boot.autoconfigure.DruidDataSourceAutoConfigure$$EnhancerBySpringCGLIB$$b81d7017] is not eligible for getting processed by all BeanPostProcessors (for example: not eligible for auto-proxying)
2019-09-20 00:46:48.718  INFO 3964 --- [restartedMain] c.a.d.s.b.a.DruidDataSourceAutoConfigure : Init DruidDataSource
2019-09-20 00:46:48.893  INFO 3964 --- [restartedMain] trationDelegate$BeanPostProcessorChecker : Bean 'spring.datasource-org.springframework.boot.autoconfigure.jdbc.DataSourceProperties' of type [org.springframework.boot.autoconfigure.jdbc.DataSourceProperties] is not eligible for getting processed by all BeanPostProcessors (for example: not eligible for auto-proxying)
2019-09-20 00:46:49.498  INFO 3964 --- [restartedMain] com.alibaba.druid.pool.DruidDataSource   : {dataSource-1} inited
2019-09-20 00:46:49.499  INFO 3964 --- [restartedMain] trationDelegate$BeanPostProcessorChecker : Bean 'dataSource' of type [com.alibaba.druid.spring.boot.autoconfigure.DruidDataSourceWrapper] is not eligible for getting processed by all BeanPostProcessors (for example: not eligible for auto-proxying)
2019-09-20 00:46:50.178  INFO 3964 --- [restartedMain] trationDelegate$BeanPostProcessorChecker : Bean 'sqlSessionFactory' of type [org.apache.ibatis.session.defaults.DefaultSqlSessionFactory] is not eligible for getting processed by all BeanPostProcessors (for example: not eligible for auto-proxying)
2019-09-20 00:46:50.211  INFO 3964 --- [restartedMain] trationDelegate$BeanPostProcessorChecker : Bean 'sqlSessionTemplate' of type [org.mybatis.spring.SqlSessionTemplate] is not eligible for getting processed by all BeanPostProcessors (for example: not eligible for auto-proxying)
2019-09-20 00:46:50.212  INFO 3964 --- [restartedMain] trationDelegate$BeanPostProcessorChecker : Bean 'userMapper' of type [org.mybatis.spring.mapper.MapperFactoryBean] is not eligible for getting processed by all BeanPostProcessors (for example: not eligible for auto-proxying)
2019-09-20 00:46:50.219  INFO 3964 --- [restartedMain] trationDelegate$BeanPostProcessorChecker : Bean 'userMapper' of type [com.sun.proxy.$Proxy79] is not eligible for getting processed by all BeanPostProcessors (for example: not eligible for auto-proxying)
2019-09-20 00:46:50.226  INFO 3964 --- [restartedMain] trationDelegate$BeanPostProcessorChecker : Bean 'roleMapper' of type [org.mybatis.spring.mapper.MapperFactoryBean] is not eligible for getting processed by all BeanPostProcessors (for example: not eligible for auto-proxying)
2019-09-20 00:46:50.227  INFO 3964 --- [restartedMain] trationDelegate$BeanPostProcessorChecker : Bean 'roleMapper' of type [com.sun.proxy.$Proxy80] is not eligible for getting processed by all BeanPostProcessors (for example: not eligible for auto-proxying)
2019-09-20 00:46:50.235  INFO 3964 --- [restartedMain] trationDelegate$BeanPostProcessorChecker : Bean 'permissionMapper' of type [org.mybatis.spring.mapper.MapperFactoryBean] is not eligible for getting processed by all BeanPostProcessors (for example: not eligible for auto-proxying)
2019-09-20 00:46:50.236  INFO 3964 --- [restartedMain] trationDelegate$BeanPostProcessorChecker : Bean 'permissionMapper' of type [com.sun.proxy.$Proxy81] is not eligible for getting processed by all BeanPostProcessors (for example: not eligible for auto-proxying)
2019-09-20 00:46:50.277  INFO 3964 --- [restartedMain] trationDelegate$BeanPostProcessorChecker : Bean 'userRealm' of type [com.education.hjj.bz.config.shiro.UserRealm] is not eligible for getting processed by all BeanPostProcessors (for example: not eligible for auto-proxying)
2019-09-20 00:46:50.979  INFO 3964 --- [restartedMain] trationDelegate$BeanPostProcessorChecker : Bean 'securityManager' of type [org.apache.shiro.web.mgt.DefaultWebSecurityManager] is not eligible for getting processed by all BeanPostProcessors (for example: not eligible for auto-proxying)
2019-09-20 00:46:51.099  INFO 3964 --- [restartedMain] trationDelegate$BeanPostProcessorChecker : Bean 'redisConfig' of type [com.education.hjj.bz.util.RedisConfig$$EnhancerBySpringCGLIB$$f2c59478] is not eligible for getting processed by all BeanPostProcessors (for example: not eligible for auto-proxying)
2019-09-20 00:46:51.117  INFO 3964 --- [restartedMain] trationDelegate$BeanPostProcessorChecker : Bean 'org.springframework.transaction.annotation.ProxyTransactionManagementConfiguration' of type [org.springframework.transaction.annotation.ProxyTransactionManagementConfiguration$$EnhancerBySpringCGLIB$$9e717aa5] is not eligible for getting processed by all BeanPostProcessors (for example: not eligible for auto-proxying)
2019-09-20 00:46:51.154  INFO 3964 --- [restartedMain] trationDelegate$BeanPostProcessorChecker : Bean 'authorizationAttributeSourceAdvisor' of type [org.apache.shiro.spring.security.interceptor.AuthorizationAttributeSourceAdvisor] is not eligible for getting processed by all BeanPostProcessors (for example: not eligible for auto-proxying)
2019-09-20 00:46:52.267  INFO 3964 --- [restartedMain] o.s.b.w.embedded.tomcat.TomcatWebServer  : Tomcat initialized with port(s): 8088 (http)
2019-09-20 00:46:52.326  INFO 3964 --- [restartedMain] o.apache.catalina.core.StandardService   : Starting service [Tomcat]
2019-09-20 00:46:52.326  INFO 3964 --- [restartedMain] org.apache.catalina.core.StandardEngine  : Starting Servlet Engine: Apache Tomcat/8.5.31
2019-09-20 00:46:52.349  INFO 3964 --- [localhost-startStop-1] o.a.catalina.core.AprLifecycleListener   : The APR based Apache Tomcat Native library which allows optimal performance in production environments was not found on the java.library.path: [C:\Program Files\Java\jdk1.8.0_131\bin;C:\Windows\Sun\Java\bin;C:\Windows\system32;C:\Windows;C:\Program Files\Java\jdk1.8.0_131\jre\bin;C:/Program Files/Java/jre1.8.0_131/bin/server;C:/Program Files/Java/jre1.8.0_131/bin;C:/Program Files/Java/jre1.8.0_131/lib/amd64;D:\elasticsearch_windows_auto_install-master\curl\win64;C:\ProgramData\Oracle\Java\javapath;C:\Program Files (x86)\AMD APP\bin\x86_64;C:\Program Files (x86)\AMD APP\bin\x86;C:\Windows\system32;C:\Windows;C:\Windows\System32\Wbem;C:\Windows\System32\WindowsPowerShell\v1.0\;C:\Program Files (x86)\ATI Technologies\ATI.ACE\Core-Static;D:\Program Files (x86)\MySQL\MySQL Server 5.5\bin;C:\Program Files\Java\jdk1.8.0_131\bin;C:\Windows\system32;C:\Users\wsw\AppData\Roaming\npm;D:\apache-maven-3.5.2\bin;D:\nodejs\;D:\Git\cmd;C:\Users\wsw\AppData\Local\Programs\Python\Python37\Scripts\;C:\Users\wsw\AppData\Local\Programs\Python\Python37\;D:\elasticsearch_windows_auto_install-master\curl\win64;C:\ProgramData\Oracle\Java\javapath;C:\Program Files (x86)\AMD APP\bin\x86_64;C:\Program Files (x86)\AMD APP\bin\x86;C:\Windows\system32;C:\Windows;C:\Windows\System32\Wbem;C:\Windows\System32\WindowsPowerShell\v1.0\;C:\Program Files (x86)\ATI Technologies\ATI.ACE\Core-Static;D:\Program Files (x86)\MySQL\MySQL Server 5.5\bin;C:\Program Files\Java\jdk1.8.0_131\bin;C:\Windows\system32;C:\Users\wsw\AppData\Roaming\npm;D:\apache-maven-3.5.2\bin;C:\Users\wsw\AppData\Local\BypassRuntm;D:\eclipse;;.]
2019-09-20 00:46:52.650  INFO 3964 --- [localhost-startStop-1] o.a.c.c.C.[Tomcat].[localhost].[/]       : Initializing Spring embedded WebApplicationContext
2019-09-20 00:46:52.651  INFO 3964 --- [localhost-startStop-1] o.s.web.context.ContextLoader            : Root WebApplicationContext: initialization completed in 10483 ms
2019-09-20 00:46:53.051  INFO 3964 --- [localhost-startStop-1] o.s.b.w.servlet.ServletRegistrationBean  : Servlet dispatcherServlet mapped to [/]
2019-09-20 00:46:53.061  INFO 3964 --- [localhost-startStop-1] o.s.b.w.servlet.FilterRegistrationBean   : Mapping filter: 'characterEncodingFilter' to: [/*]
2019-09-20 00:46:53.062  INFO 3964 --- [localhost-startStop-1] o.s.b.w.servlet.FilterRegistrationBean   : Mapping filter: 'hiddenHttpMethodFilter' to: [/*]
2019-09-20 00:46:53.062  INFO 3964 --- [localhost-startStop-1] o.s.b.w.servlet.FilterRegistrationBean   : Mapping filter: 'httpPutFormContentFilter' to: [/*]
2019-09-20 00:46:53.074  INFO 3964 --- [localhost-startStop-1] o.s.b.w.servlet.FilterRegistrationBean   : Mapping filter: 'requestContextFilter' to: [/*]
2019-09-20 00:46:53.074  INFO 3964 --- [localhost-startStop-1] o.s.b.w.servlet.FilterRegistrationBean   : Mapping filter: 'shiroFilter' to: [/*]
2019-09-20 00:46:54.519  INFO 3964 --- [restartedMain] c.e.hjj.bz.config.redis.JedisConfig      : 初始化Redis连接池JedisPool成功!地址: 192.168.1.202:6379
2019-09-20 00:46:54.548  WARN 3964 --- [restartedMain] f.a.AutowiredAnnotationBeanPostProcessor : Autowired annotation is not supported on static fields: private static java.lang.String com.education.hjj.bz.util.JwtUtil.accessTokenExpireTime
2019-09-20 00:46:55.740  INFO 3964 --- [restartedMain] s.w.s.m.m.a.RequestMappingHandlerMapping : Mapped "{[/audit/auditIdCard],methods=[POST]}" onto public com.education.hjj.bz.util.ApiResponse com.education.hjj.bz.controller.AuditController.auditIdCard(javax.servlet.http.HttpServletRequest,javax.servlet.http.HttpServletResponse)
2019-09-20 00:46:55.743  INFO 3964 --- [restartedMain] s.w.s.m.m.a.RequestMappingHandlerMapping : Mapped "{[/audit/auditTeacherInfo],methods=[POST]}" onto public com.education.hjj.bz.util.ApiResponse com.education.hjj.bz.controller.AuditController.auditTeacherInfo(com.education.hjj.bz.formBean.TeacherInfoForm)
2019-09-20 00:46:55.744  INFO 3964 --- [restartedMain] s.w.s.m.m.a.RequestMappingHandlerMapping : Mapped "{[/ComplaintSuggestion/addStudentDemandByTeacher],methods=[POST]}" onto public com.education.hjj.bz.util.ApiResponse com.education.hjj.bz.controller.ComplaintSuggestionController.addStudentDemandByTeacher(javax.servlet.http.HttpServletRequest,javax.servlet.http.HttpServletResponse)
2019-09-20 00:46:55.747  INFO 3964 --- [restartedMain] s.w.s.m.m.a.RequestMappingHandlerMapping : Mapped "{[/home/queryTeacherInfosByHome],methods=[GET]}" onto public com.education.hjj.bz.util.ApiResponse com.education.hjj.bz.controller.HomeController.queryTeacherHomeInfos(java.lang.String)
2019-09-20 00:46:55.748  INFO 3964 --- [restartedMain] s.w.s.m.m.a.RequestMappingHandlerMapping : Mapped "{[/levelRules/queryAllLevelRules],methods=[GET]}" onto public com.education.hjj.bz.util.ApiResponse com.education.hjj.bz.controller.LevelRulesController.queryAllLevelRules()
2019-09-20 00:46:55.755  INFO 3964 --- [restartedMain] s.w.s.m.m.a.RequestMappingHandlerMapping : Mapped "{[/user/info],methods=[GET]}" onto public com.education.hjj.bz.model.common.ResponseBean com.education.hjj.bz.controller.LoginController.info()
2019-09-20 00:46:55.756  INFO 3964 --- [restartedMain] s.w.s.m.m.a.RequestMappingHandlerMapping : Mapped "{[/user/login],methods=[POST]}" onto public com.education.hjj.bz.util.ApiResponse com.education.hjj.bz.controller.LoginController.login(com.education.hjj.bz.formBean.LoginForm,javax.servlet.http.HttpServletResponse)
2019-09-20 00:46:55.757  INFO 3964 --- [restartedMain] s.w.s.m.m.a.RequestMappingHandlerMapping : Mapped "{[/user/unauth],methods=[GET]}" onto public com.education.hjj.bz.util.ApiResponse com.education.hjj.bz.controller.LoginController.unauth()
2019-09-20 00:46:55.757  INFO 3964 --- [restartedMain] s.w.s.m.m.a.RequestMappingHandlerMapping : Mapped "{[/user/logout],methods=[GET]}" onto public com.education.hjj.bz.util.ApiResponse com.education.hjj.bz.controller.LoginController.logout(javax.servlet.http.HttpServletRequest,com.education.hjj.bz.formBean.LogoutForm)
2019-09-20 00:46:55.758  INFO 3964 --- [restartedMain] s.w.s.m.m.a.RequestMappingHandlerMapping : Mapped "{[/user/unauthorized],methods=[GET]}" onto public com.education.hjj.bz.util.ApiResponse com.education.hjj.bz.controller.LoginController.unauthorized()
2019-09-20 00:46:55.758  INFO 3964 --- [restartedMain] s.w.s.m.m.a.RequestMappingHandlerMapping : Mapped "{[/user/getOpenId],methods=[POST]}" onto public com.education.hjj.bz.util.ApiResponse com.education.hjj.bz.controller.LoginController.getOAuth(com.education.hjj.bz.formBean.LoginForm)
2019-09-20 00:46:55.759  INFO 3964 --- [restartedMain] s.w.s.m.m.a.RequestMappingHandlerMapping : Mapped "{[/parameter/queryParameters],methods=[POST]}" onto public com.education.hjj.bz.util.ApiResponse com.education.hjj.bz.controller.ParameterController.queryParametersByParentId(com.education.hjj.bz.formBean.ParameterForm)
2019-09-20 00:46:55.760  INFO 3964 --- [restartedMain] s.w.s.m.m.a.RequestMappingHandlerMapping : Mapped "{[/pointRules/queryAllPointsRules],methods=[GET]}" onto public com.education.hjj.bz.util.ApiResponse com.education.hjj.bz.controller.PointRulesController.queryAllPointsRules()
2019-09-20 00:46:55.762  INFO 3964 --- [restartedMain] s.w.s.m.m.a.RequestMappingHandlerMapping : Mapped "{[/order/queryAllPointsLogByTeacherId],methods=[POST]}" onto public com.education.hjj.bz.util.ApiResponse com.education.hjj.bz.controller.PointsLogController.queryAllPointsLogByTeacherId(java.lang.Integer)
2019-09-20 00:46:55.764  INFO 3964 --- [restartedMain] s.w.s.m.m.a.RequestMappingHandlerMapping : Mapped "{[/parameter/parameterLists],methods=[GET]}" onto public com.education.hjj.bz.util.ApiResponse com.education.hjj.bz.controller.QueryParameterController.getParameterLists()
2019-09-20 00:46:55.765  INFO 3964 --- [restartedMain] s.w.s.m.m.a.RequestMappingHandlerMapping : Mapped "{[/parameter/parameterListsByType],methods=[GET]}" onto public com.education.hjj.bz.util.ApiResponse com.education.hjj.bz.controller.QueryParameterController.getParameterListsByType(java.lang.Integer)
2019-09-20 00:46:55.766  INFO 3964 --- [restartedMain] s.w.s.m.m.a.RequestMappingHandlerMapping : Mapped "{[/smsVerifityCode/checkIsCorrectCode],methods=[POST]}" onto public com.education.hjj.bz.util.ApiResponse com.education.hjj.bz.controller.SmsVerifityCodeController.checkIsCorrectCode(java.lang.String,java.lang.String)
2019-09-20 00:46:55.767  INFO 3964 --- [restartedMain] s.w.s.m.m.a.RequestMappingHandlerMapping : Mapped "{[/smsVerifityCode/sendMessage],methods=[POST]}" onto public com.education.hjj.bz.util.ApiResponse com.education.hjj.bz.controller.SmsVerifityCodeController.sendMessage(com.education.hjj.bz.formBean.LoginForm)
2019-09-20 00:46:55.768  INFO 3964 --- [restartedMain] s.w.s.m.m.a.RequestMappingHandlerMapping : Mapped "{[/StudentDemand/addStudentDemandByTeacher],methods=[POST]}" onto public com.education.hjj.bz.util.ApiResponse com.education.hjj.bz.controller.StudentDemandsController.addStudentDemandByTeacher(java.lang.String,com.education.hjj.bz.entity.vo.TeacherVo)
2019-09-20 00:46:55.769  INFO 3964 --- [restartedMain] s.w.s.m.m.a.RequestMappingHandlerMapping : Mapped "{[/StudentDemand/queryStudentDemandsList],methods=[POST]}" onto public com.education.hjj.bz.util.ApiResponse com.education.hjj.bz.controller.StudentDemandsController.queryStudentDemandsList(com.education.hjj.bz.formBean.StudentDemandForm)
2019-09-20 00:46:55.770  INFO 3964 --- [restartedMain] s.w.s.m.m.a.RequestMappingHandlerMapping : Mapped "{[/StudentDemand/queryStudentDemandDetail],methods=[GET]}" onto public com.education.hjj.bz.util.ApiResponse com.education.hjj.bz.controller.StudentDemandsController.queryStudentDemandDetail(java.lang.String)
2019-09-20 00:46:55.774  INFO 3964 --- [restartedMain] s.w.s.m.m.a.RequestMappingHandlerMapping : Mapped "{[/upload/uploadFile],methods=[POST],produces=[application/json;charset=utf-8]}" onto public com.education.hjj.bz.util.ApiResponse com.education.hjj.bz.controller.UploadFileUtil.uploadFile(javax.servlet.http.HttpServletRequest,javax.servlet.http.HttpServletResponse)
2019-09-20 00:46:55.778  INFO 3964 --- [restartedMain] s.w.s.m.m.a.RequestMappingHandlerMapping : Mapped "{[/userInfo/updateUserInfoByParameter],methods=[POST]}" onto public com.education.hjj.bz.util.ApiResponse com.education.hjj.bz.controller.UserInfoController.updateUserInfoByParameter(com.education.hjj.bz.formBean.TeacherInfoForm)
2019-09-20 00:46:55.779  INFO 3964 --- [restartedMain] s.w.s.m.m.a.RequestMappingHandlerMapping : Mapped "{[/userInfo/queryTeacherInfoByTelephone],methods=[GET]}" onto public com.education.hjj.bz.util.ApiResponse com.education.hjj.bz.controller.UserInfoController.queryTeacherInfoByTelephone(java.lang.String)
2019-09-20 00:46:55.779  INFO 3964 --- [restartedMain] s.w.s.m.m.a.RequestMappingHandlerMapping : Mapped "{[/userInfo/queryTeacherAccountOpreateLog],methods=[GET]}" onto public com.education.hjj.bz.util.ApiResponse com.education.hjj.bz.controller.UserInfoController.queryUserAccountOperateLog(java.lang.String,java.lang.Integer)
2019-09-20 00:46:55.780  INFO 3964 --- [restartedMain] s.w.s.m.m.a.RequestMappingHandlerMapping : Mapped "{[/userInfo/queryTeacherInfoByType],methods=[POST]}" onto public com.education.hjj.bz.util.ApiResponse com.education.hjj.bz.controller.UserInfoController.queryTeacherInfoByType(com.education.hjj.bz.formBean.PictureForm)
2019-09-20 00:46:55.780  INFO 3964 --- [restartedMain] s.w.s.m.m.a.RequestMappingHandlerMapping : Mapped "{[/userInfo/queryUserPicturesByType],methods=[POST]}" onto public com.education.hjj.bz.util.ApiResponse com.education.hjj.bz.controller.UserInfoController.queryUserPicturesByType(com.education.hjj.bz.formBean.PictureForm)
2019-09-20 00:46:55.781  INFO 3964 --- [restartedMain] s.w.s.m.m.a.RequestMappingHandlerMapping : Mapped "{[/userInfo/queryUserPicturesDetail],methods=[POST]}" onto public com.education.hjj.bz.util.ApiResponse com.education.hjj.bz.controller.UserInfoController.queryUserPicturesDetail(com.education.hjj.bz.formBean.PictureForm)
2019-09-20 00:46:55.781  INFO 3964 --- [restartedMain] s.w.s.m.m.a.RequestMappingHandlerMapping : Mapped "{[/userInfo/queryUserInfosDetail],methods=[POST]}" onto public com.education.hjj.bz.util.ApiResponse com.education.hjj.bz.controller.UserInfoController.queryTeacherInfosDetail(com.education.hjj.bz.formBean.PictureForm)
2019-09-20 00:46:55.782  INFO 3964 --- [restartedMain] s.w.s.m.m.a.RequestMappingHandlerMapping : Mapped "{[/userInfo/update],methods=[POST]}" onto public com.education.hjj.bz.util.ApiResponse com.education.hjj.bz.controller.UserInfoController.updateUserInfos(com.education.hjj.bz.formBean.UserInfoForm)
2019-09-20 00:46:55.782  INFO 3964 --- [restartedMain] s.w.s.m.m.a.RequestMappingHandlerMapping : Mapped "{[/userInfo/queryTeacherAccountByID],methods=[GET]}" onto public com.education.hjj.bz.util.ApiResponse com.education.hjj.bz.controller.UserInfoController.queryUserAccount(java.lang.String)
2019-09-20 00:46:55.783  INFO 3964 --- [restartedMain] s.w.s.m.m.a.RequestMappingHandlerMapping : Mapped "{[/userInfo/queryTeacherInfo],methods=[POST]}" onto public com.education.hjj.bz.util.ApiResponse com.education.hjj.bz.controller.UserInfoController.queryTeacherInfo(com.education.hjj.bz.formBean.TeacherInfoForm)
2019-09-20 00:46:55.792  INFO 3964 --- [restartedMain] s.w.s.m.m.a.RequestMappingHandlerMapping : Mapped "{[/swagger-resources/configuration/security]}" onto public org.springframework.http.ResponseEntity<springfox.documentation.swagger.web.SecurityConfiguration> springfox.documentation.swagger.web.ApiResourceController.securityConfiguration()
2019-09-20 00:46:55.793  INFO 3964 --- [restartedMain] s.w.s.m.m.a.RequestMappingHandlerMapping : Mapped "{[/swagger-resources]}" onto public org.springframework.http.ResponseEntity<java.util.List<springfox.documentation.swagger.web.SwaggerResource>> springfox.documentation.swagger.web.ApiResourceController.swaggerResources()
2019-09-20 00:46:55.794  INFO 3964 --- [restartedMain] s.w.s.m.m.a.RequestMappingHandlerMapping : Mapped "{[/swagger-resources/configuration/ui]}" onto public org.springframework.http.ResponseEntity<springfox.documentation.swagger.web.UiConfiguration> springfox.documentation.swagger.web.ApiResourceController.uiConfiguration()
2019-09-20 00:46:55.802  INFO 3964 --- [restartedMain] s.w.s.m.m.a.RequestMappingHandlerMapping : Mapped "{[/error]}" onto public org.springframework.http.ResponseEntity<java.util.Map<java.lang.String, java.lang.Object>> org.springframework.boot.autoconfigure.web.servlet.error.BasicErrorController.error(javax.servlet.http.HttpServletRequest)
2019-09-20 00:46:55.802  INFO 3964 --- [restartedMain] s.w.s.m.m.a.RequestMappingHandlerMapping : Mapped "{[/error],produces=[text/html]}" onto public org.springframework.web.servlet.ModelAndView org.springframework.boot.autoconfigure.web.servlet.error.BasicErrorController.errorHtml(javax.servlet.http.HttpServletRequest,javax.servlet.http.HttpServletResponse)
2019-09-20 00:46:56.318  INFO 3964 --- [restartedMain] pertySourcedRequestMappingHandlerMapping : Mapped URL path [/v2/api-docs] onto method [public org.springframework.http.ResponseEntity<springfox.documentation.spring.web.json.Json> springfox.documentation.swagger2.web.Swagger2Controller.getDocumentation(java.lang.String,javax.servlet.http.HttpServletRequest)]
2019-09-20 00:46:56.709  INFO 3964 --- [restartedMain] o.s.w.s.handler.SimpleUrlHandlerMapping  : Mapped URL path [/**/favicon.ico] onto handler of type [class org.springframework.web.servlet.resource.ResourceHttpRequestHandler]
2019-09-20 00:46:57.205  INFO 3964 --- [restartedMain] s.w.s.m.m.a.RequestMappingHandlerAdapter : Looking for @ControllerAdvice: org.springframework.boot.web.servlet.context.AnnotationConfigServletWebServerApplicationContext@10212220: startup date [Fri Sep 20 00:46:42 CST 2019]; root of context hierarchy
2019-09-20 00:46:57.350  INFO 3964 --- [restartedMain] o.s.w.s.handler.SimpleUrlHandlerMapping  : Mapped URL path [/webjars/**] onto handler of type [class org.springframework.web.servlet.resource.ResourceHttpRequestHandler]
2019-09-20 00:46:57.351  INFO 3964 --- [restartedMain] o.s.w.s.handler.SimpleUrlHandlerMapping  : Mapped URL path [/**] onto handler of type [class org.springframework.web.servlet.resource.ResourceHttpRequestHandler]
2019-09-20 00:46:57.391  INFO 3964 --- [restartedMain] .m.m.a.ExceptionHandlerExceptionResolver : Detected @ExceptionHandler methods in exceptionAdvice
2019-09-20 00:46:57.506  WARN 3964 --- [restartedMain] ion$DefaultTemplateResolverConfiguration : Cannot find template location: classpath:/templates/ (please add some templates or check your Thymeleaf configuration)
2019-09-20 00:46:59.360  INFO 3964 --- [restartedMain] o.s.b.d.a.OptionalLiveReloadServer       : LiveReload server is running on port 35729
2019-09-20 00:46:59.470  INFO 3964 --- [restartedMain] o.s.j.e.a.AnnotationMBeanExporter        : Registering beans for JMX exposure on startup
2019-09-20 00:46:59.474  INFO 3964 --- [restartedMain] o.s.j.e.a.AnnotationMBeanExporter        : Bean with name 'dataSource' has been autodetected for JMX exposure
2019-09-20 00:46:59.487  INFO 3964 --- [restartedMain] o.s.j.e.a.AnnotationMBeanExporter        : Located MBean 'dataSource': registering with JMX server as MBean [com.alibaba.druid.spring.boot.autoconfigure:name=dataSource,type=DruidDataSourceWrapper]
2019-09-20 00:46:59.495  INFO 3964 --- [restartedMain] o.s.c.support.DefaultLifecycleProcessor  : Starting beans in phase 2147483647
2019-09-20 00:46:59.496  INFO 3964 --- [restartedMain] d.s.w.p.DocumentationPluginsBootstrapper : Context refreshed
2019-09-20 00:46:59.564  INFO 3964 --- [restartedMain] d.s.w.p.DocumentationPluginsBootstrapper : Found 1 custom documentation plugin(s)
2019-09-20 00:46:59.641  INFO 3964 --- [restartedMain] s.d.s.w.s.ApiListingReferenceScanner     : Scanning for api listing references
2019-09-20 00:47:00.211  INFO 3964 --- [restartedMain] .d.s.w.r.o.CachingOperationNameGenerator : Generating unique operation named: addStudentDemandByTeacherUsingPOST_1
2019-09-20 00:47:00.328  INFO 3964 --- [restartedMain] s.a.ScheduledAnnotationBeanPostProcessor : No TaskScheduler/ScheduledExecutorService bean found for scheduled processing
2019-09-20 00:47:00.410  INFO 3964 --- [restartedMain] o.s.b.w.embedded.tomcat.TomcatWebServer  : Tomcat started on port(s): 8088 (http) with context path ''
2019-09-20 00:47:00.433  INFO 3964 --- [restartedMain] com.education.hjj.HaojiajiaoApplication  : Started HaojiajiaoApplication in 20.238 seconds (JVM running for 21.998)
2019-09-20 00:47:19.153  INFO 3964 --- [http-nio-8088-exec-1] o.a.c.c.C.[Tomcat].[localhost].[/]       : Initializing Spring FrameworkServlet 'dispatcherServlet'
2019-09-20 00:47:19.154  INFO 3964 --- [http-nio-8088-exec-1] o.s.web.servlet.DispatcherServlet        : FrameworkServlet 'dispatcherServlet': initialization started
2019-09-20 00:47:19.216  INFO 3964 --- [http-nio-8088-exec-1] o.s.web.servlet.DispatcherServlet        : FrameworkServlet 'dispatcherServlet': initialization completed in 62 ms
2019-09-20 00:47:19.276  INFO 3964 --- [http-nio-8088-exec-1] c.e.hjj.bz.config.shiro.jwt.JwtFilter    : 当前请求 /userInfo/queryUserInfosDetail Authorization属性(Token)为空 请求类型 POST
2019-09-20 00:47:19.473  INFO 3964 --- [http-nio-8088-exec-1] c.e.h.bz.controller.UserInfoController   : teacherId = 6
2019-09-20 00:47:19.534  INFO 3964 --- [http-nio-8088-exec-1] c.e.h.b.s.impl.UserInfoServiceImpl       : teacherId = 6
2019-09-20 00:47:19.589 DEBUG 3964 --- [http-nio-8088-exec-1] c.e.h.b.m.U.queryTeacherHomeInfos        : ==>  Preparing: select t.teacher_id, t.telephone, t.name, t.sex, t.weiChar, t.openId, t.QQ, t.picture, t.charges_standard, t.logon_status, t.audit_status, t.resume_complete, t.teacher_level, t.home, t.idcard, t.begin_school_time, t.school, t.major, t.address, t.teacher_tag, t.teach_grade, t.teach_brance, t.teach_branch_slave, t.singUp_count, t.choose_count, t.employ_rate, t.resumption_count, t.resumption_rate, t.teacher_profile, t.teacher_certificate, t.experience from teacher t where t.status=1 and t.teacher_id=? 
2019-09-20 00:47:19.626 DEBUG 3964 --- [http-nio-8088-exec-1] c.e.h.b.m.U.queryTeacherHomeInfos        : ==> Parameters: 6(Integer)
2019-09-20 00:47:19.657 DEBUG 3964 --- [http-nio-8088-exec-1] c.e.h.b.m.U.queryTeacherHomeInfos        : <==      Total: 1
2019-09-20 00:47:19.670  INFO 3964 --- [http-nio-8088-exec-1] c.e.h.bz.controller.UserInfoController   : tags = 63,64,65,66,67
2019-09-20 00:47:19.745 DEBUG 3964 --- [http-nio-8088-exec-1] c.e.h.b.m.P.queryParameterListsByTypes   : ==>  Preparing: select parameter_id, parent_id, name, english_name from parameter where status=1 and parameter_id in ( ? , ? , ? , ? , ? ) 
2019-09-20 00:47:19.746 DEBUG 3964 --- [http-nio-8088-exec-1] c.e.h.b.m.P.queryParameterListsByTypes   : ==> Parameters: 63(Integer), 64(Integer), 65(Integer), 66(Integer), 67(Integer)
2019-09-20 00:47:19.748 DEBUG 3964 --- [http-nio-8088-exec-1] c.e.h.b.m.P.queryParameterListsByTypes   : <==      Total: 5
2019-09-20 00:47:19.751 DEBUG 3964 --- [http-nio-8088-exec-1] c.e.h.b.m.U.queryUserPicturesByteacherId : ==>  Preparing: select picture_id, teacher_id, picture_type, picture_url, picture_title, picture_desc from teacher_picture where status=1 and teacher_id = ? and picture_type != 2 ORDER BY picture_type 
2019-09-20 00:47:19.752 DEBUG 3964 --- [http-nio-8088-exec-1] c.e.h.b.m.U.queryUserPicturesByteacherId : ==> Parameters: 6(Integer)
2019-09-20 00:47:19.761 DEBUG 3964 --- [http-nio-8088-exec-1] c.e.h.b.m.U.queryUserPicturesByteacherId : <==      Total: 12
2019-09-20 00:47:19.765  INFO 3964 --- [http-nio-8088-exec-1] c.e.h.bz.controller.UserInfoController   : parameterIds = 98,98,99
2019-09-20 00:47:19.767 DEBUG 3964 --- [http-nio-8088-exec-1] c.e.h.b.m.P.queryParameterListsByTypes   : ==>  Preparing: select parameter_id, parent_id, name, english_name from parameter where status=1 and parameter_id in ( ? , ? , ? ) 
2019-09-20 00:47:19.768 DEBUG 3964 --- [http-nio-8088-exec-1] c.e.h.b.m.P.queryParameterListsByTypes   : ==> Parameters: 98(Integer), 98(Integer), 99(Integer)
2019-09-20 00:47:19.770 DEBUG 3964 --- [http-nio-8088-exec-1] c.e.h.b.m.P.queryParameterListsByTypes   : <==      Total: 2
2019-09-20 00:47:19.771  INFO 3964 --- [http-nio-8088-exec-1] c.e.h.bz.controller.UserInfoController   : address = null
2019-09-20 00:47:19.790  INFO 3964 --- [http-nio-8088-exec-1] com.education.hjj.bz.util.ApiResponse    : <===      返回数据 code: 200, msg: 操作成功

2019-09-20 00:47:20.355 DEBUG 3964 --- [pool-1-thread-1] c.e.h.b.m.U.queryAllTeacherInfos         : ==>  Preparing: select teacher_id, resumption_rate, teacher_points from teacher where status = 1 
2019-09-20 00:47:20.356 DEBUG 3964 --- [pool-1-thread-1] c.e.h.b.m.U.queryAllTeacherInfos         : ==> Parameters: 
2019-09-20 00:47:20.361 DEBUG 3964 --- [pool-1-thread-1] c.e.h.b.m.U.queryAllTeacherInfos         : <==      Total: 3
2019-09-20 00:47:20.365 DEBUG 3964 --- [pool-1-thread-1] c.e.h.b.m.UserInfoMapper.updateTeachers  : ==>  Preparing: UPDATE teacher SET teacher_level = ?, charges_standard = ?, update_time = ?, update_user = ? WHERE teacher_id = ? ; UPDATE teacher SET teacher_level = ?, charges_standard = ?, update_time = ?, update_user = ? WHERE teacher_id = ? ; UPDATE teacher SET teacher_level = ?, charges_standard = ?, update_time = ?, update_user = ? WHERE teacher_id = ? 
2019-09-20 00:47:20.370 DEBUG 3964 --- [pool-1-thread-1] c.e.h.b.m.UserInfoMapper.updateTeachers  : ==> Parameters: T0(String), 100.00元/每课时(String), 2019-09-20 00:47:20.362(Timestamp), admin(String), 2(Integer), T0(String), 100.00元/每课时(String), 2019-09-20 00:47:20.362(Timestamp), admin(String), 3(Integer), T0(String), 100.00元/每课时(String), 2019-09-20 00:47:20.362(Timestamp), admin(String), 6(Integer)
2019-09-20 00:47:20.391 DEBUG 3964 --- [pool-1-thread-1] c.e.h.b.m.UserInfoMapper.updateTeachers  : <==    Updates: 1
2019-09-20 00:47:20.391  INFO 3964 --- [pool-1-thread-1] c.e.hjj.bz.schedule.ScheduleToolsUtils   : 教员等级，收费标准更新成功！
